# JRE version: Java(TM) SE Runtime Environment (16.0.2+7) (build 16.0.2+7-67)
# Java VM: Java HotSpot(TM) 64-Bit Server VM (16.0.2+7-67, mixed mode, sharing, tiered, compressed oops, compressed class ptrs, g1 gc, windows-amd64)
GC Precious Log:
 CPUs: 8 total, 8 available
 Memory: 8057M
 Large Page Support: Disabled
 NUMA Support: Disabled
 Compressed Oops: Enabled (32-bit)
 Heap Region Size: 1M
 Heap Min Capacity: 8M
 Heap Initial Capacity: 126M
 Heap Max Capacity: 2016M
 Pre-touch: Disabled
 Parallel Workers: 8
 Concurrent Workers: 2
 Concurrent Refinement Workers: 8
 Periodic GC: Disabled
Heap:
 garbage-first heap   total 61440K, used 31669K [0x0000000082000000, 0x0000000100000000)
  region size 1024K, 3 young (3072K), 3 survivors (3072K)
 Metaspace       used 46523K, committed 46976K, reserved 1097728K
  class space    used 6414K, committed 6656K, reserved 1048576K
GC Heap History (20 events):
Event: 2.566 GC heap after
{Heap after GC invocations=3 (full 0):
 garbage-first heap   total 129024K, used 10889K [0x0000000082000000, 0x0000000100000000)
  region size 1024K, 4 young (4096K), 4 survivors (4096K)
 Metaspace       used 15645K, committed 15936K, reserved 1064960K
  class space    used 2033K, committed 2176K, reserved 1048576K
}
Event: 3.568 GC heap before
{Heap before GC invocations=3 (full 0):
 garbage-first heap   total 129024K, used 75401K [0x0000000082000000, 0x0000000100000000)
  region size 1024K, 69 young (70656K), 4 survivors (4096K)
 Metaspace       used 20982K, committed 21248K, reserved 1073152K
  class space    used 2796K, committed 2944K, reserved 1048576K
}
Event: 3.579 GC heap after
{Heap after GC invocations=4 (full 0):
 garbage-first heap   total 129024K, used 13853K [0x0000000082000000, 0x0000000100000000)
  region size 1024K, 6 young (6144K), 6 survivors (6144K)
 Metaspace       used 20982K, committed 21248K, reserved 1073152K
  class space    used 2796K, committed 2944K, reserved 1048576K
}
Event: 3.995 GC heap before
{Heap before GC invocations=5 (full 0):
 garbage-first heap   total 51200K, used 37405K [0x0000000082000000, 0x0000000100000000)
  region size 1024K, 30 young (30720K), 6 survivors (6144K)
 Metaspace       used 23969K, committed 24384K, reserved 1073152K
  class space    used 3204K, committed 3392K, reserved 1048576K
}
Event: 4.011 GC heap after
{Heap after GC invocations=6 (full 0):
 garbage-first heap   total 51200K, used 15556K [0x0000000082000000, 0x0000000100000000)
  region size 1024K, 2 young (2048K), 2 survivors (2048K)
 Metaspace       used 23969K, committed 24384K, reserved 1073152K
  class space    used 3204K, committed 3392K, reserved 1048576K
}
Event: 4.017 GC heap before
{Heap before GC invocations=6 (full 0):
 garbage-first heap   total 51200K, used 35012K [0x0000000082000000, 0x0000000100000000)
  region size 1024K, 22 young (22528K), 2 survivors (2048K)
 Metaspace       used 23969K, committed 24384K, reserved 1073152K
  class space    used 3204K, committed 3392K, reserved 1048576K
}
Event: 4.022 GC heap after
{Heap after GC invocations=7 (full 0):
 garbage-first heap   total 61440K, used 15785K [0x0000000082000000, 0x0000000100000000)
  region size 1024K, 1 young (1024K), 1 survivors (1024K)
 Metaspace       used 23969K, committed 24384K, reserved 1073152K
  class space    used 3204K, committed 3392K, reserved 1048576K
}
Event: 4.295 GC heap before
{Heap before GC invocations=7 (full 0):
 garbage-first heap   total 61440K, used 43433K [0x0000000082000000, 0x0000000100000000)
  region size 1024K, 29 young (29696K), 1 survivors (1024K)
 Metaspace       used 25499K, committed 25856K, reserved 1073152K
  class space    used 3413K, committed 3584K, reserved 1048576K
}
Event: 4.298 GC heap after
{Heap after GC invocations=8 (full 0):
 garbage-first heap   total 61440K, used 16887K [0x0000000082000000, 0x0000000100000000)
  region size 1024K, 2 young (2048K), 2 survivors (2048K)
 Metaspace       used 25499K, committed 25856K, reserved 1073152K
  class space    used 3413K, committed 3584K, reserved 1048576K
}
Event: 5.326 GC heap before
{Heap before GC invocations=8 (full 0):
 garbage-first heap   total 61440K, used 45559K [0x0000000082000000, 0x0000000100000000)
  region size 1024K, 30 young (30720K), 2 survivors (2048K)
 Metaspace       used 33034K, committed 33408K, reserved 1081344K
  class space    used 4517K, committed 4672K, reserved 1048576K
}
Event: 5.329 GC heap after
{Heap after GC invocations=9 (full 0):
 garbage-first heap   total 61440K, used 18455K [0x0000000082000000, 0x0000000100000000)
  region size 1024K, 3 young (3072K), 3 survivors (3072K)
 Metaspace       used 33034K, committed 33408K, reserved 1081344K
  class space    used 4517K, committed 4672K, reserved 1048576K
}
Event: 5.566 GC heap before
{Heap before GC invocations=9 (full 0):
 garbage-first heap   total 61440K, used 26647K [0x0000000082000000, 0x0000000100000000)
  region size 1024K, 12 young (12288K), 3 survivors (3072K)
 Metaspace       used 35142K, committed 35520K, reserved 1081344K
  class space    used 4787K, committed 4992K, reserved 1048576K
}
Event: 5.570 GC heap after
{Heap after GC invocations=10 (full 0):
 garbage-first heap   total 61440K, used 19044K [0x0000000082000000, 0x0000000100000000)
  region size 1024K, 3 young (3072K), 3 survivors (3072K)
 Metaspace       used 35142K, committed 35520K, reserved 1081344K
  class space    used 4787K, committed 4992K, reserved 1048576K
}
Event: 6.314 GC heap before
{Heap before GC invocations=11 (full 0):
 garbage-first heap   total 61440K, used 46692K [0x0000000082000000, 0x0000000100000000)
  region size 1024K, 31 young (31744K), 3 survivors (3072K)
 Metaspace       used 40817K, committed 41216K, reserved 1089536K
  class space    used 5663K, committed 5824K, reserved 1048576K
}
Event: 6.319 GC heap after
{Heap after GC invocations=12 (full 0):
 garbage-first heap   total 61440K, used 20670K [0x0000000082000000, 0x0000000100000000)
  region size 1024K, 4 young (4096K), 4 survivors (4096K)
 Metaspace       used 40817K, committed 41216K, reserved 1089536K
  class space    used 5663K, committed 5824K, reserved 1048576K
}
Event: 6.784 GC heap before
{Heap before GC invocations=12 (full 0):
 garbage-first heap   total 61440K, used 48318K [0x0000000082000000, 0x0000000100000000)
  region size 1024K, 31 young (31744K), 4 survivors (4096K)
 Metaspace       used 44435K, committed 44800K, reserved 1089536K
  class space    used 6166K, committed 6336K, reserved 1048576K
}
Event: 6.790 GC heap after
{Heap after GC invocations=13 (full 0):
 garbage-first heap   total 61440K, used 23087K [0x0000000082000000, 0x0000000100000000)
  region size 1024K, 4 young (4096K), 4 survivors (4096K)
 Metaspace       used 44435K, committed 44800K, reserved 1089536K
  class space    used 6166K, committed 6336K, reserved 1048576K
}
Event: 7.086 GC heap before
{Heap before GC invocations=13 (full 0):
 garbage-first heap   total 61440K, used 48687K [0x0000000082000000, 0x0000000100000000)
  region size 1024K, 28 young (28672K), 4 survivors (4096K)
 Metaspace       used 46469K, committed 46912K, reserved 1097728K
  class space    used 6410K, committed 6656K, reserved 1048576K
}
Event: 7.093 GC heap after
{Heap after GC invocations=14 (full 0):
 garbage-first heap   total 61440K, used 28338K [0x0000000082000000, 0x0000000100000000)
  region size 1024K, 4 young (4096K), 4 survivors (4096K)
 Metaspace       used 46469K, committed 46912K, reserved 1097728K
  class space    used 6410K, committed 6656K, reserved 1048576K
}
Event: 7.170 GC heap before
{Heap before GC invocations=14 (full 0):
 garbage-first heap   total 61440K, used 45746K [0x0000000082000000, 0x0000000100000000)
  region size 1024K, 22 young (22528K), 4 survivors (4096K)
 Metaspace       used 46523K, committed 46976K, reserved 1097728K
  class space    used 6414K, committed 6656K, reserved 1048576K
}

